  D:\GDP\Media Fundamentals\SoundGameDev\common\lib\x64\Debug\fmod.dll
  D:\GDP\Media Fundamentals\SoundGameDev\common\lib\x64\Debug\freetype.dll
  D:\GDP\Media Fundamentals\SoundGameDev\common\lib\x64\Debug\glfw3.dll
  3 File(s) copied
  D:\GDP\Media Fundamentals\SoundGameDev\common\fonts\arial.ttf
  1 File(s) copied
  D:\GDP\Media Fundamentals\SoundGameDev\common\fonts\arial.ttf
  1 File(s) copied
  main.cpp
C:\Program Files (x86)\Windows Kits\10\Include\10.0.20348.0\shared\minwindef.h(130,1): warning C4005: 'APIENTRY': macro redefinition
D:\GDP\Media Fundamentals\SoundGameDev\common\include\GLFW\glfw3.h(123): message : see previous definition of 'APIENTRY'
D:\GDP\Media Fundamentals\SoundGameDev\Project1\main.cpp(29,36): warning C4305: 'argument': truncation from 'double' to 'float'
D:\GDP\Media Fundamentals\SoundGameDev\Project1\main.cpp(957,36): warning C4305: 'argument': truncation from 'double' to 'float'
  LINK : D:\GDP\Media Fundamentals\SoundGameDev\x64\Debug\Project1.exe not found or not built by the last incremental link; performing full link
main.obj : error LNK2005: "void __cdecl callOption(void)" (?callOption@@YAXXZ) already defined in cKeyCallback.obj
main.obj : error LNK2005: "void __cdecl callOptionLvl2(void)" (?callOptionLvl2@@YAXXZ) already defined in cKeyCallback.obj
main.obj : error LNK2005: "void __cdecl callOptionLvl3(void)" (?callOptionLvl3@@YAXXZ) already defined in cKeyCallback.obj
main.obj : error LNK2005: "void __cdecl changeBackground(float,float,float)" (?changeBackground@@YAXMMM@Z) already defined in cKeyCallback.obj
main.obj : error LNK2005: "void __cdecl glfw_error_callback(int,char const *)" (?glfw_error_callback@@YAXHPEBD@Z) already defined in cKeyCallback.obj
main.obj : error LNK2005: "void __cdecl glfw_key_callback(struct GLFWwindow *,int,int,int,int)" (?glfw_key_callback@@YAXPEAUGLFWwindow@@HHHH@Z) already defined in cKeyCallback.obj
main.obj : error LNK2005: "void __cdecl incrementAndCheck(void)" (?incrementAndCheck@@YAXXZ) already defined in cKeyCallback.obj
LINK : warning LNK4098: defaultlib 'MSVCRT' conflicts with use of other libs; use /NODEFAULTLIB:library
MSVCRTD.lib(exe_main.obj) : error LNK2019: unresolved external symbol main referenced in function "int __cdecl invoke_main(void)" (?invoke_main@@YAHXZ)
D:\GDP\Media Fundamentals\SoundGameDev\x64\Debug\Project1.exe : fatal error LNK1120: 1 unresolved externals
